{
  "stats": {
    "suites": 1,
    "tests": 1,
    "passes": 1,
    "pending": 0,
    "failures": 0,
    "start": "2023-09-15T01:30:10.639Z",
    "end": "2023-09-15T01:30:10.643Z",
    "duration": 4,
    "testsRegistered": 1,
    "passPercent": 100,
    "pendingPercent": 0,
    "other": 0,
    "hasOther": false,
    "skipped": 0,
    "hasSkipped": false
  },
  "results": [
    {
      "uuid": "e6a59f66-63ad-4451-86f7-b21fdcaaf074",
      "title": "",
      "fullFile": "C:\\xampp\\htdocs\\Multifactor\\mfchf\\test\\index.js",
      "file": "\\test\\index.js",
      "beforeHooks": [],
      "afterHooks": [],
      "tests": [],
      "suites": [
        {
          "uuid": "1b063df3-d32b-4e6f-8eca-272b3cdce5d2",
          "title": "default",
          "fullFile": "C:\\xampp\\htdocs\\Multifactor\\mfchf\\test\\index.js",
          "file": "\\test\\index.js",
          "beforeHooks": [],
          "afterHooks": [],
          "tests": [
            {
              "title": "default",
              "fullTitle": "default default",
              "timedOut": false,
              "duration": 0,
              "state": "passed",
              "speed": "fast",
              "pass": true,
              "fail": false,
              "pending": false,
              "context": null,
              "code": "mfchf",
              "err": {},
              "uuid": "dbda7a4c-72b5-4a9d-b88f-dc2f19e85ca3",
              "parentUUID": "1b063df3-d32b-4e6f-8eca-272b3cdce5d2",
              "isHook": false,
              "skipped": false
            }
          ],
          "suites": [],
          "passes": [
            "dbda7a4c-72b5-4a9d-b88f-dc2f19e85ca3"
          ],
          "failures": [],
          "pending": [],
          "skipped": [],
          "duration": 0,
          "root": false,
          "rootEmpty": false,
          "_timeout": 5000
        }
      ],
      "passes": [],
      "failures": [],
      "pending": [],
      "skipped": [],
      "duration": 0,
      "root": true,
      "rootEmpty": true,
      "_timeout": 5000
    }
  ],
  "meta": {
    "mocha": {
      "version": "10.2.0"
    },
    "mochawesome": {
      "options": {
        "quiet": false,
        "reportFilename": "mochawesome",
        "saveHtml": true,
        "saveJson": true,
        "consoleReporter": "spec",
        "useInlineDiffs": false,
        "code": true
      },
      "version": "7.1.3"
    },
    "marge": {
      "options": {
        "reportDir": "./site/mochawesome"
      },
      "version": "6.2.0"
    }
  }
}