{
  "stats": {
    "suites": 3,
    "tests": 14,
    "passes": 14,
    "pending": 0,
    "failures": 0,
    "start": "2023-10-17T21:15:21.819Z",
    "end": "2023-10-17T21:15:56.821Z",
    "duration": 35002,
    "testsRegistered": 14,
    "passPercent": 100,
    "pendingPercent": 0,
    "other": 0,
    "hasOther": false,
    "skipped": 0,
    "hasSkipped": false
  },
  "results": [
    {
      "uuid": "ddebbd99-900f-408f-bbc5-7aa294cf1edf",
      "title": "",
      "fullFile": "",
      "file": "",
      "beforeHooks": [],
      "afterHooks": [],
      "tests": [],
      "suites": [
        {
          "uuid": "cb8abc50-af2b-44e6-94f6-daea4286c3ee",
          "title": "hotp6",
          "fullFile": "C:\\xampp\\htdocs\\Multifactor\\mfchf\\test\\hotp6.js",
          "file": "\\test\\hotp6.js",
          "beforeHooks": [],
          "afterHooks": [],
          "tests": [
            {
              "title": "password/invalid",
              "fullTitle": "hotp6 password/invalid",
              "timedOut": false,
              "duration": 2,
              "state": "passed",
              "speed": "slow",
              "pass": true,
              "fail": false,
              "pending": false,
              "context": null,
              "code": "mfchf.hotp6.setup(123456).should.be.rejectedWith(TypeError)\nmfchf.hotp6.setup('').should.be.rejectedWith(RangeError)\nmfchf.hotp6.verify('mh6a2id:', 123456, 123456).should.be.rejectedWith(TypeError)\nmfchf.hotp6.verify('mh6a2id:', '', 123456).should.be.rejectedWith(RangeError)",
              "err": {},
              "uuid": "6bd5febb-0f0f-4211-a89c-4826c975f91a",
              "parentUUID": "cb8abc50-af2b-44e6-94f6-daea4286c3ee",
              "isHook": false,
              "skipped": false
            },
            {
              "title": "hash/invalid",
              "fullTitle": "hotp6 hash/invalid",
              "timedOut": false,
              "duration": 1,
              "state": "passed",
              "speed": "slow",
              "pass": true,
              "fail": false,
              "pending": false,
              "context": null,
              "code": "mfchf.hotp6.verify(123456, 'password123', 123456).should.be.rejectedWith(TypeError)\nmfchf.hotp6.verify('mt6a2id:', '', 123456).should.be.rejectedWith(TypeError)",
              "err": {},
              "uuid": "b29f88f7-deda-4c7d-ba82-abced6bf2671",
              "parentUUID": "cb8abc50-af2b-44e6-94f6-daea4286c3ee",
              "isHook": false,
              "skipped": false
            },
            {
              "title": "code/invalid",
              "fullTitle": "hotp6 code/invalid",
              "timedOut": false,
              "duration": 0,
              "state": "passed",
              "speed": "fast",
              "pass": true,
              "fail": false,
              "pending": false,
              "context": null,
              "code": "mfchf.hotp6.verify('mh6a2id:', 'password123', 'hello').should.be.rejectedWith(TypeError)",
              "err": {},
              "uuid": "82cd7d6b-fa9d-4990-9b00-1a56386ac225",
              "parentUUID": "cb8abc50-af2b-44e6-94f6-daea4286c3ee",
              "isHook": false,
              "skipped": false
            },
            {
              "title": "types",
              "fullTitle": "hotp6 types",
              "timedOut": false,
              "duration": 150,
              "state": "passed",
              "speed": "slow",
              "pass": true,
              "fail": false,
              "pending": false,
              "context": null,
              "code": "const { hash, secret } = await mfchf.hotp6.setup('password123')\nhash.should.be.a('string')\nsecret.should.be.instanceof(Buffer)\nconst otp = parseInt(hotp({ secret, counter: 1 }))\nconst result = await mfchf.hotp6.verify(hash, 'password123', otp)\nresult.hash.should.be.a('string')\nresult.valid.should.be.a('boolean')",
              "err": {},
              "uuid": "36436623-e5e9-4cc1-a511-b123df80a13f",
              "parentUUID": "cb8abc50-af2b-44e6-94f6-daea4286c3ee",
              "isHook": false,
              "skipped": false
            },
            {
              "title": "example",
              "fullTitle": "hotp6 example",
              "timedOut": false,
              "duration": 138,
              "state": "passed",
              "speed": "slow",
              "pass": true,
              "fail": false,
              "pending": false,
              "context": null,
              "code": "// Setup MFCHF-HOTP6 hash\nconst { hash, secret } = await mfchf.hotp6.setup('password123')\n// Verify MFCHF-HOTP6 hash\nconst otp = parseInt(hotp({ secret, counter: 1 }))\nconst result = await mfchf.hotp6.verify(hash, 'password123', otp)\nresult.valid.should.be.true",
              "err": {},
              "uuid": "90c5da4e-abf4-4b6a-b3df-c90a98d23c9d",
              "parentUUID": "cb8abc50-af2b-44e6-94f6-daea4286c3ee",
              "isHook": false,
              "skipped": false
            },
            {
              "title": "full",
              "fullTitle": "hotp6 full",
              "timedOut": false,
              "duration": 721,
              "state": "passed",
              "speed": "slow",
              "pass": true,
              "fail": false,
              "pending": false,
              "context": null,
              "code": "const { hash, secret } = await mfchf.hotp6.setup('password123')\nlet otp = parseInt(hotp({ secret, counter: 1 }))\nlet fake = await mfchf.hotp6.verify(hash, 'password321', otp)\nfake.valid.should.be.false\nfake = await mfchf.hotp6.verify(hash, 'password123', 999999 - otp)\nfake.valid.should.be.false\nlet result = await mfchf.hotp6.verify(hash, 'password123', otp)\nresult.valid.should.be.true\notp = parseInt(hotp({ secret, counter: 2 }))\nfake = await mfchf.hotp6.verify(hash, 'password321', otp)\nfake.valid.should.be.false\nfake = await mfchf.hotp6.verify(hash, 'password123', 999999 - otp)\nfake.valid.should.be.false\nresult = await mfchf.hotp6.verify(result.hash, 'password123', otp)\nresult.valid.should.be.true\notp = parseInt(hotp({ secret, counter: 3 }))\nfake = await mfchf.hotp6.verify(hash, 'password321', otp)\nfake.valid.should.be.false\nfake = await mfchf.hotp6.verify(hash, 'password123', 999999 - otp)\nfake.valid.should.be.false\nresult = await mfchf.hotp6.verify(result.hash, 'password123', otp)\nresult.valid.should.be.true",
              "err": {},
              "uuid": "ffb81b99-f94b-41b5-914d-a88f6310ab79",
              "parentUUID": "cb8abc50-af2b-44e6-94f6-daea4286c3ee",
              "isHook": false,
              "skipped": false
            }
          ],
          "suites": [],
          "passes": [
            "6bd5febb-0f0f-4211-a89c-4826c975f91a",
            "b29f88f7-deda-4c7d-ba82-abced6bf2671",
            "82cd7d6b-fa9d-4990-9b00-1a56386ac225",
            "36436623-e5e9-4cc1-a511-b123df80a13f",
            "90c5da4e-abf4-4b6a-b3df-c90a98d23c9d",
            "ffb81b99-f94b-41b5-914d-a88f6310ab79"
          ],
          "failures": [],
          "pending": [],
          "skipped": [],
          "duration": 1012,
          "root": false,
          "rootEmpty": false,
          "_timeout": 5000
        },
        {
          "uuid": "401cac4c-06c2-49aa-90cc-5aa6b6a4f68d",
          "title": "default",
          "fullFile": "C:\\xampp\\htdocs\\Multifactor\\mfchf\\test\\index.js",
          "file": "\\test\\index.js",
          "beforeHooks": [],
          "afterHooks": [],
          "tests": [
            {
              "title": "default",
              "fullTitle": "default default",
              "timedOut": false,
              "duration": 0,
              "state": "passed",
              "speed": "fast",
              "pass": true,
              "fail": false,
              "pending": false,
              "context": null,
              "code": "mfchf",
              "err": {},
              "uuid": "98a3d8f6-9c67-44c0-afc8-7f4b9d234cd1",
              "parentUUID": "401cac4c-06c2-49aa-90cc-5aa6b6a4f68d",
              "isHook": false,
              "skipped": false
            }
          ],
          "suites": [],
          "passes": [
            "98a3d8f6-9c67-44c0-afc8-7f4b9d234cd1"
          ],
          "failures": [],
          "pending": [],
          "skipped": [],
          "duration": 0,
          "root": false,
          "rootEmpty": false,
          "_timeout": 5000
        },
        {
          "uuid": "56e8f3db-973c-4e8e-bf40-bcaa0074e549",
          "title": "totp6",
          "fullFile": "C:\\xampp\\htdocs\\Multifactor\\mfchf\\test\\totp6.js",
          "file": "\\test\\totp6.js",
          "beforeHooks": [],
          "afterHooks": [],
          "tests": [
            {
              "title": "async",
              "fullTitle": "totp6 async",
              "timedOut": false,
              "duration": 31092,
              "state": "passed",
              "speed": "slow",
              "pass": true,
              "fail": false,
              "pending": false,
              "context": null,
              "code": "return new Promise((resolve, reject) => {\n  mfchf.totp6.setup('password123').then(({ hash, secret }) => {\n    setTimeout(async () => {\n      const otp = parseInt(speakeasy.totp({ secret }))\n      const result = await mfchf.totp6.verify(hash, 'password123', otp)\n      result.valid.should.be.true\n      resolve()\n    }, 30 * 1000)\n  })\n})",
              "err": {},
              "uuid": "b6094e6d-3f3f-4b8e-aee0-73255d8556de",
              "parentUUID": "56e8f3db-973c-4e8e-bf40-bcaa0074e549",
              "isHook": false,
              "skipped": false
            },
            {
              "title": "password/invalid",
              "fullTitle": "totp6 password/invalid",
              "timedOut": false,
              "duration": 0,
              "state": "passed",
              "speed": "fast",
              "pass": true,
              "fail": false,
              "pending": false,
              "context": null,
              "code": "mfchf.totp6.setup(123456).should.be.rejectedWith(TypeError)\nmfchf.totp6.setup('').should.be.rejectedWith(RangeError)\nmfchf.totp6.verify('mt6a2id:', 123456, 123456).should.be.rejectedWith(TypeError)\nmfchf.totp6.verify('mt6a2id:', '', 123456).should.be.rejectedWith(RangeError)",
              "err": {},
              "uuid": "9833db64-323f-4e84-9dc0-48291d4950e2",
              "parentUUID": "56e8f3db-973c-4e8e-bf40-bcaa0074e549",
              "isHook": false,
              "skipped": false
            },
            {
              "title": "hash/invalid",
              "fullTitle": "totp6 hash/invalid",
              "timedOut": false,
              "duration": 0,
              "state": "passed",
              "speed": "fast",
              "pass": true,
              "fail": false,
              "pending": false,
              "context": null,
              "code": "mfchf.totp6.verify(123456, 'password123', 123456).should.be.rejectedWith(TypeError)\nmfchf.totp6.verify('mh6a2id:', '', 123456).should.be.rejectedWith(TypeError)",
              "err": {},
              "uuid": "1e8f7763-7cfa-4c8c-aecf-57c4824ff669",
              "parentUUID": "56e8f3db-973c-4e8e-bf40-bcaa0074e549",
              "isHook": false,
              "skipped": false
            },
            {
              "title": "code/invalid",
              "fullTitle": "totp6 code/invalid",
              "timedOut": false,
              "duration": 0,
              "state": "passed",
              "speed": "fast",
              "pass": true,
              "fail": false,
              "pending": false,
              "context": null,
              "code": "mfchf.totp6.verify('mt6a2id:', 'password123', 'hello').should.be.rejectedWith(TypeError)",
              "err": {},
              "uuid": "7c999a67-4e6d-45d7-a66f-1b8289d6820f",
              "parentUUID": "56e8f3db-973c-4e8e-bf40-bcaa0074e549",
              "isHook": false,
              "skipped": false
            },
            {
              "title": "types",
              "fullTitle": "totp6 types",
              "timedOut": false,
              "duration": 818,
              "state": "passed",
              "speed": "slow",
              "pass": true,
              "fail": false,
              "pending": false,
              "context": null,
              "code": "const { hash, secret } = await mfchf.totp6.setup('password123')\nhash.should.be.a('string')\nsecret.should.be.instanceof(Buffer)\nconst otp = parseInt(speakeasy.totp({ secret }))\nconst result = await mfchf.totp6.verify(hash, 'password123', otp)\nresult.hash.should.be.a('string')\nresult.valid.should.be.a('boolean')",
              "err": {},
              "uuid": "486ad73f-d034-45ff-a5ad-0f8a56665be9",
              "parentUUID": "56e8f3db-973c-4e8e-bf40-bcaa0074e549",
              "isHook": false,
              "skipped": false
            },
            {
              "title": "example",
              "fullTitle": "totp6 example",
              "timedOut": false,
              "duration": 771,
              "state": "passed",
              "speed": "slow",
              "pass": true,
              "fail": false,
              "pending": false,
              "context": null,
              "code": "// Setup MFCHF-TOTP6 hash\nconst { hash, secret } = await mfchf.totp6.setup('password123')\n// Verify MFCHF-TOTP6 hash\nconst otp = parseInt(speakeasy.totp({ secret }))\nconst result = await mfchf.totp6.verify(hash, 'password123', otp)\nresult.valid.should.be.true",
              "err": {},
              "uuid": "13e825ba-e115-4743-a242-4059ccb1d98a",
              "parentUUID": "56e8f3db-973c-4e8e-bf40-bcaa0074e549",
              "isHook": false,
              "skipped": false
            },
            {
              "title": "full",
              "fullTitle": "totp6 full",
              "timedOut": false,
              "duration": 1293,
              "state": "passed",
              "speed": "slow",
              "pass": true,
              "fail": false,
              "pending": false,
              "context": null,
              "code": "const { hash, secret } = await mfchf.totp6.setup('password123')\nlet otp = parseInt(speakeasy.totp({ secret }))\nlet fake = await mfchf.totp6.verify(hash, 'password321', otp)\nfake.valid.should.be.false\nfake = await mfchf.totp6.verify(hash, 'password123', 999999 - otp)\nfake.valid.should.be.false\nlet result = await mfchf.totp6.verify(hash, 'password123', otp)\nresult.valid.should.be.true\notp = parseInt(speakeasy.totp({ secret }))\nfake = await mfchf.totp6.verify(hash, 'password321', otp)\nfake.valid.should.be.false\nfake = await mfchf.totp6.verify(hash, 'password123', 999999 - otp)\nfake.valid.should.be.false\nresult = await mfchf.totp6.verify(result.hash, 'password123', otp)\nresult.valid.should.be.true\notp = parseInt(speakeasy.totp({ secret }))\nfake = await mfchf.totp6.verify(hash, 'password321', otp)\nfake.valid.should.be.false\nfake = await mfchf.totp6.verify(hash, 'password123', 999999 - otp)\nfake.valid.should.be.false\nresult = await mfchf.totp6.verify(result.hash, 'password123', otp)\nresult.valid.should.be.true",
              "err": {},
              "uuid": "38827e90-6638-4be6-8c17-dd18cbd03293",
              "parentUUID": "56e8f3db-973c-4e8e-bf40-bcaa0074e549",
              "isHook": false,
              "skipped": false
            }
          ],
          "suites": [],
          "passes": [
            "b6094e6d-3f3f-4b8e-aee0-73255d8556de",
            "9833db64-323f-4e84-9dc0-48291d4950e2",
            "1e8f7763-7cfa-4c8c-aecf-57c4824ff669",
            "7c999a67-4e6d-45d7-a66f-1b8289d6820f",
            "486ad73f-d034-45ff-a5ad-0f8a56665be9",
            "13e825ba-e115-4743-a242-4059ccb1d98a",
            "38827e90-6638-4be6-8c17-dd18cbd03293"
          ],
          "failures": [],
          "pending": [],
          "skipped": [],
          "duration": 33974,
          "root": false,
          "rootEmpty": false,
          "_timeout": 5000
        }
      ],
      "passes": [],
      "failures": [],
      "pending": [],
      "skipped": [],
      "duration": 0,
      "root": true,
      "rootEmpty": true,
      "_timeout": 5000
    }
  ],
  "meta": {
    "mocha": {
      "version": "10.2.0"
    },
    "mochawesome": {
      "options": {
        "quiet": false,
        "reportFilename": "mochawesome",
        "saveHtml": true,
        "saveJson": true,
        "consoleReporter": "spec",
        "useInlineDiffs": false,
        "code": true
      },
      "version": "7.1.3"
    },
    "marge": {
      "options": {
        "reportDir": "./site/mochawesome"
      },
      "version": "6.2.0"
    }
  }
}