{
  "stats": {
    "suites": 1,
    "tests": 1,
    "passes": 1,
    "pending": 0,
    "failures": 0,
    "start": "2023-09-15T01:17:35.560Z",
    "end": "2023-09-15T01:17:35.564Z",
    "duration": 4,
    "testsRegistered": 1,
    "passPercent": 100,
    "pendingPercent": 0,
    "other": 0,
    "hasOther": false,
    "skipped": 0,
    "hasSkipped": false
  },
  "results": [
    {
      "uuid": "e1b8701b-3985-42e3-ad92-5a385f8a0b63",
      "title": "",
      "fullFile": "C:\\xampp\\htdocs\\Multifactor\\mfchf\\test\\index.js",
      "file": "\\test\\index.js",
      "beforeHooks": [],
      "afterHooks": [],
      "tests": [],
      "suites": [
        {
          "uuid": "8bba71f3-06de-4e2e-b5b7-5987dab97601",
          "title": "default",
          "fullFile": "C:\\xampp\\htdocs\\Multifactor\\mfchf\\test\\index.js",
          "file": "\\test\\index.js",
          "beforeHooks": [],
          "afterHooks": [],
          "tests": [
            {
              "title": "default",
              "fullTitle": "default default",
              "timedOut": false,
              "duration": 1,
              "state": "passed",
              "speed": "slow",
              "pass": true,
              "fail": false,
              "pending": false,
              "context": null,
              "code": "mfchf",
              "err": {},
              "uuid": "0c65a30e-3b86-4c53-a3e8-796a0cfe6f2d",
              "parentUUID": "8bba71f3-06de-4e2e-b5b7-5987dab97601",
              "isHook": false,
              "skipped": false
            }
          ],
          "suites": [],
          "passes": [
            "0c65a30e-3b86-4c53-a3e8-796a0cfe6f2d"
          ],
          "failures": [],
          "pending": [],
          "skipped": [],
          "duration": 1,
          "root": false,
          "rootEmpty": false,
          "_timeout": 5000
        }
      ],
      "passes": [],
      "failures": [],
      "pending": [],
      "skipped": [],
      "duration": 0,
      "root": true,
      "rootEmpty": true,
      "_timeout": 5000
    }
  ],
  "meta": {
    "mocha": {
      "version": "10.2.0"
    },
    "mochawesome": {
      "options": {
        "quiet": false,
        "reportFilename": "mochawesome",
        "saveHtml": true,
        "saveJson": true,
        "consoleReporter": "spec",
        "useInlineDiffs": false,
        "code": true
      },
      "version": "7.1.3"
    },
    "marge": {
      "options": {
        "reportDir": "./site/mochawesome"
      },
      "version": "6.2.0"
    }
  }
}