{
  "stats": {
    "suites": 1,
    "tests": 1,
    "passes": 1,
    "pending": 0,
    "failures": 0,
    "start": "2023-09-14T23:41:54.531Z",
    "end": "2023-09-14T23:41:54.536Z",
    "duration": 5,
    "testsRegistered": 1,
    "passPercent": 100,
    "pendingPercent": 0,
    "other": 0,
    "hasOther": false,
    "skipped": 0,
    "hasSkipped": false
  },
  "results": [
    {
      "uuid": "e7a225b9-316a-471f-840a-e2ae02a780df",
      "title": "",
      "fullFile": "C:\\xampp\\htdocs\\Multifactor\\mfchf\\test\\index.js",
      "file": "\\test\\index.js",
      "beforeHooks": [],
      "afterHooks": [],
      "tests": [],
      "suites": [
        {
          "uuid": "170c1c42-f3a5-4740-8172-315513d37ced",
          "title": "default",
          "fullFile": "C:\\xampp\\htdocs\\Multifactor\\mfchf\\test\\index.js",
          "file": "\\test\\index.js",
          "beforeHooks": [],
          "afterHooks": [],
          "tests": [
            {
              "title": "default",
              "fullTitle": "default default",
              "timedOut": false,
              "duration": 0,
              "state": "passed",
              "speed": "fast",
              "pass": true,
              "fail": false,
              "pending": false,
              "context": null,
              "code": "mfchf",
              "err": {},
              "uuid": "58d61058-78e4-4077-a262-18cf1372ea6e",
              "parentUUID": "170c1c42-f3a5-4740-8172-315513d37ced",
              "isHook": false,
              "skipped": false
            }
          ],
          "suites": [],
          "passes": [
            "58d61058-78e4-4077-a262-18cf1372ea6e"
          ],
          "failures": [],
          "pending": [],
          "skipped": [],
          "duration": 0,
          "root": false,
          "rootEmpty": false,
          "_timeout": 5000
        }
      ],
      "passes": [],
      "failures": [],
      "pending": [],
      "skipped": [],
      "duration": 0,
      "root": true,
      "rootEmpty": true,
      "_timeout": 5000
    }
  ],
  "meta": {
    "mocha": {
      "version": "10.2.0"
    },
    "mochawesome": {
      "options": {
        "quiet": false,
        "reportFilename": "mochawesome",
        "saveHtml": true,
        "saveJson": true,
        "consoleReporter": "spec",
        "useInlineDiffs": false,
        "code": true
      },
      "version": "7.1.3"
    },
    "marge": {
      "options": {
        "reportDir": "./site/mochawesome"
      },
      "version": "6.2.0"
    }
  }
}